1.233333333333333393e+01 1.437032400000000000e+08 1.078898690000000000e+08 1.075565400000000000e+08 3.298734042578908010e-01
1.700000000000000000e+01 2.401077540000000000e+08 2.024885930000000000e+08 2.017479100000000000e+08 1.827948453096738535e-01
2.166666666666666785e+01 3.631536020000000000e+08 3.258576020000000000e+08 3.246668780000000000e+08 1.112071432183482506e-01
2.633333333333333570e+01 5.132652360000000000e+08 4.773652820000000000e+08 4.755596460000000000e+08 7.169304268512304013e-02
3.100000000000000000e+01 6.903499840000000000e+08 6.563769360000000000e+08 6.539357960000000000e+08 4.821866029184308788e-02
3.566666666666667140e+01 8.940460740000000000e+08 8.622663830000000000e+08 8.590707460000000000e+08 3.327322474091091997e-02
4.033333333333333570e+01 1.124592914000000000e+09 1.094544847000000000e+09 1.090378338000000000e+09 2.373630977250760360e-02
4.500000000000000000e+01 1.380532294000000000e+09 1.352538014000000000e+09 1.347399918000000000e+09 1.696317752039524715e-02
4.966666666666667140e+01 1.661314102000000000e+09 1.635533036000000000e+09 1.629249064000000000e+09 1.196692048552252564e-02
5.433333333333333570e+01 1.967349414000000000e+09 1.943052162000000000e+09 1.935622928000000000e+09 8.714516529016854904e-03
5.900000000000000000e+01 2.297891334000000000e+09 2.274317907000000000e+09 2.265427792000000000e+09 6.481474294546837531e-03
6.366666666666667140e+01 2.652561450000000000e+09 2.629188223000000000e+09 2.618542834000000000e+09 4.860656787713253657e-03
6.833333333333334281e+01 3.030251824000000000e+09 3.006704614000000000e+09 2.994546810000000000e+09 3.803382188572300253e-03
7.300000000000000000e+01 3.430645200000000000e+09 3.406230628000000000e+09 3.392059816000000000e+09 3.019923160458795434e-03
7.766666666666667140e+01 3.852899036000000000e+09 3.827621514000000000e+09 3.811435458000000000e+09 2.385312856582025472e-03
8.233333333333334281e+01 4.296380424000000000e+09 4.269687479000000000e+09 4.251499258000000000e+09 2.000405853063893635e-03
8.700000000000000000e+01 4.761223106000000000e+09 4.732173970000000000e+09 4.711806394000000000e+09 1.842512037645492335e-03
9.166666666666667140e+01 5.247083580000000000e+09 5.214845053000000000e+09 5.191852288000000000e+09 1.780821465466160764e-03
9.633333333333334281e+01 5.752349002000000000e+09 5.716204408000000000e+09 5.691059284000000000e+09 1.932763208235101574e-03
1.010000000000000000e+02 6.275883094000000000e+09 6.236663846000000000e+09 6.208927250000000000e+09 1.849377764894893873e-03
1.056666666666666714e+02 6.817255716000000000e+09 6.775222499000000000e+09 6.744771718000000000e+09 1.717246555445243799e-03
1.103333333333333428e+02 7.374435106000000000e+09 7.331591299000000000e+09 7.298313642000000000e+09 1.310734296885949016e-03
1.150000000000000000e+02 7.948916128000000000e+09 7.905310518000000000e+09 7.868676688000000000e+09 8.860168331267444545e-04
1.196666666666666714e+02 8.539006548000000000e+09 8.495820805000000000e+09 8.456196540000000000e+09 4.211678362906167957e-04
1.243333333333333428e+02 9.145354066000000000e+09 9.101783514000000000e+09 9.058634886000000000e+09 4.657699590609153795e-05
1.290000000000000000e+02 9.767623574000000000e+09 9.723195593000000000e+09 9.677184964000000000e+09 -1.635442544384129436e-04
1.336666666666666856e+02 1.040660718600000000e+10 1.035961632500000000e+10 1.031099599000000000e+10 -1.580326480177401429e-04
1.383333333333333428e+02 1.105903169200000000e+10 1.101057035600000000e+10 1.095835252000000000e+10 -3.427978788913792077e-04
1.430000000000000000e+02 1.172555673800000000e+10 1.167518514000000000e+10 1.162024573600000000e+10 -3.930903101170011085e-04
1.476666666666666856e+02 1.240771842600000000e+10 1.235318113800000000e+10 1.229521367200000000e+10 -2.789848221842272462e-04
