1.233333333333333393e+01 1.438378420000000000e+08 1.078806000000000000e+08 1.075432200000000000e+08 3.312143898983125334e-01
1.700000000000000000e+01 2.402671920000000000e+08 2.024469680000000000e+08 2.017688920000000000e+08 1.840826285550500041e-01
2.166666666666666785e+01 3.632923880000000000e+08 3.257331350000000000e+08 3.246407420000000000e+08 1.123298935781757157e-01
2.633333333333333570e+01 5.134001600000000000e+08 4.772231590000000000e+08 4.755642200000000000e+08 7.258338737090018478e-02
3.100000000000000000e+01 6.901218120000000000e+08 6.562055200000000000e+08 6.540603540000000000e+08 4.857522062864553375e-02
3.566666666666667140e+01 8.938398040000000000e+08 8.620357710000000000e+08 8.591719320000000000e+08 3.368382150547254844e-02
4.033333333333333570e+01 1.123775518000000000e+09 1.094223467000000000e+09 1.090564880000000000e+09 2.374316693565264869e-02
4.500000000000000000e+01 1.379680094000000000e+09 1.352190034000000000e+09 1.347316436000000000e+09 1.678630305078531587e-02
4.966666666666667140e+01 1.660386572000000000e+09 1.635335086000000000e+09 1.629402026000000000e+09 1.173340016455828340e-02
5.433333333333333570e+01 1.966060078000000000e+09 1.942793817000000000e+09 1.935758654000000000e+09 8.384876888686764243e-03
5.900000000000000000e+01 2.296463782000000000e+09 2.274345560000000000e+09 2.265815282000000000e+09 5.996933690025310626e-03
6.366666666666667140e+01 2.650923170000000000e+09 2.628945197000000000e+09 2.619046244000000000e+09 4.611991875925043616e-03
6.833333333333334281e+01 3.028498076000000000e+09 3.006402305000000000e+09 2.995003912000000000e+09 3.571740910634242823e-03
7.300000000000000000e+01 3.428803840000000000e+09 3.405910273000000000e+09 3.393024038000000000e+09 2.949384350928078904e-03
7.766666666666667140e+01 3.851808246000000000e+09 3.826667804000000000e+09 3.812336278000000000e+09 2.835247263567864957e-03
8.233333333333334281e+01 4.295703280000000000e+09 4.268541129000000000e+09 4.252587282000000000e+09 2.635643493419072975e-03
8.700000000000000000e+01 4.759870036000000000e+09 4.731260825000000000e+09 4.713143750000000000e+09 2.226143855680192372e-03
9.166666666666667140e+01 5.244890186000000000e+09 5.213562002000000000e+09 5.193639656000000000e+09 2.196116549368861293e-03
9.633333333333334281e+01 5.750386646000000000e+09 5.715109364000000000e+09 5.693322944000000000e+09 2.369593668354535044e-03
1.010000000000000000e+02 6.274024482000000000e+09 6.235772506000000000e+09 6.211546418000000000e+09 2.258034804240595037e-03
1.056666666666666714e+02 6.814975478000000000e+09 6.774755541000000000e+09 6.748087818000000000e+09 2.008304332354792811e-03
1.103333333333333428e+02 7.372045778000000000e+09 7.331090900000000000e+09 7.301930998000000000e+09 1.615322851343109923e-03
1.150000000000000000e+02 7.946228500000000000e+09 7.904805200000000000e+09 7.873077498000000000e+09 1.231487687306898103e-03
1.196666666666666714e+02 8.536111986000000000e+09 8.494770816000000000e+09 8.460461224000000000e+09 8.311104813119819454e-04
1.243333333333333428e+02 9.141669448000000000e+09 9.100873521000000000e+09 9.064122062000000000e+09 4.462062593966864121e-04
1.290000000000000000e+02 9.763902304000000000e+09 9.722226096000000000e+09 9.682946016000000000e+09 2.474585726328188632e-04
1.336666666666666856e+02 1.040280110400000000e+10 1.035885749700000000e+10 1.031701206800000000e+10 2.033707032783127824e-04
1.383333333333333428e+02 1.105516905000000000e+10 1.100960270500000000e+10 1.096516895200000000e+10 1.032899725446929923e-04
1.430000000000000000e+02 1.172093342600000000e+10 1.167411317200000000e+10 1.162724240800000000e+10 -4.344108278438155963e-06
1.476666666666666856e+02 1.240106323400000000e+10 1.235199100800000000e+10 1.230323377400000000e+10 2.560237461029650122e-05
