1.233333333333333393e+01 1.438029880000000000e+08 1.078931690000000000e+08 1.075363920000000000e+08 3.306140492420463484e-01
1.700000000000000000e+01 2.402515860000000000e+08 2.024472200000000000e+08 2.017486140000000000e+08 1.839207678522143397e-01
2.166666666666666785e+01 3.633591700000000000e+08 3.257862500000000000e+08 3.246706840000000000e+08 1.122902553160605027e-01
2.633333333333333570e+01 5.134249460000000000e+08 4.773467580000000000e+08 4.756407760000000000e+08 7.226505323841285466e-02
3.100000000000000000e+01 6.901045120000000000e+08 6.563811710000000000e+08 6.540712300000000000e+08 4.802749082848362105e-02
3.566666666666667140e+01 8.938673120000000000e+08 8.621922360000000000e+08 8.593052280000000000e+08 3.350156272993139867e-02
4.033333333333333570e+01 1.124040556000000000e+09 1.094463807000000000e+09 1.090614502000000000e+09 2.358986053534065444e-02
4.500000000000000000e+01 1.379895918000000000e+09 1.352595411000000000e+09 1.347656774000000000e+09 1.659314925834372637e-02
4.966666666666667140e+01 1.660788216000000000e+09 1.635469151000000000e+09 1.629541210000000000e+09 1.189974446856732065e-02
5.433333333333333570e+01 1.966547008000000000e+09 1.943056131000000000e+09 1.936013656000000000e+09 8.496015484717222080e-03
5.900000000000000000e+01 2.297427292000000000e+09 2.274351508000000000e+09 2.266098762000000000e+09 6.541214464508850711e-03
6.366666666666667140e+01 2.651697862000000000e+09 2.629172716000000000e+09 2.619364060000000000e+09 4.854800519787234349e-03
6.833333333333334281e+01 3.028999812000000000e+09 3.006835714000000000e+09 2.995207954000000000e+09 3.517731710724483676e-03
7.300000000000000000e+01 3.429576332000000000e+09 3.406586983000000000e+09 3.393126066000000000e+09 2.808157378966066355e-03
7.766666666666667140e+01 3.852530012000000000e+09 3.828016279000000000e+09 3.812579490000000000e+09 2.380788131449555669e-03
8.233333333333334281e+01 4.296586634000000000e+09 4.270238301000000000e+09 4.252817108000000000e+09 2.099112135155566192e-03
8.700000000000000000e+01 4.762090148000000000e+09 4.733126656000000000e+09 4.713162994000000000e+09 1.909509603520408117e-03
9.166666666666667140e+01 5.247858006000000000e+09 5.215555760000000000e+09 5.193373318000000000e+09 1.948599374692593653e-03
9.633333333333334281e+01 5.754172814000000000e+09 5.717420613000000000e+09 5.693064342000000000e+09 2.177373951063629135e-03
1.010000000000000000e+02 6.278345762000000000e+09 6.237880754000000000e+09 6.211271318000000000e+09 2.230714340210375457e-03
1.056666666666666714e+02 6.818873446000000000e+09 6.776780001000000000e+09 6.747413684000000000e+09 1.886223165800485994e-03
1.103333333333333428e+02 7.377181466000000000e+09 7.333714513000000000e+09 7.301390508000000000e+09 1.526140532791784698e-03
1.150000000000000000e+02 7.950803010000000000e+09 7.907831815000000000e+09 7.872294666000000000e+09 9.443302512680614314e-04
1.196666666666666714e+02 8.540575532000000000e+09 8.497729990000000000e+09 8.459603864000000000e+09 5.578767133628516556e-04
1.243333333333333428e+02 9.147306426000000000e+09 9.104777827000000000e+09 9.063217586000000000e+09 1.068448363742064057e-04
1.290000000000000000e+02 9.770084014000000000e+09 9.726802276000000000e+09 9.682093566000000000e+09 -1.473825872754429766e-04
1.336666666666666856e+02 1.040874328400000000e+10 1.036363136600000000e+10 1.031583857200000000e+10 -2.598795998297829808e-04
1.383333333333333428e+02 1.106076995000000000e+10 1.101498126900000000e+10 1.096398806800000000e+10 -4.746922349532787036e-04
1.430000000000000000e+02 1.172742196800000000e+10 1.168025354900000000e+10 1.162664158600000000e+10 -5.542050945957490912e-04
1.476666666666666856e+02 1.240894099200000000e+10 1.235852764100000000e+10 1.230172173000000000e+10 -5.196475859481175345e-04
